<?xml version="1.0" encoding="UTF-8"?>
<!-- Generated by org.testng.reporters.JUnitReportReporter -->
<testsuite hostname="DESKTOP-ML284IJ" failures="0" tests="1" name="swiss.atfinity.testcases.HeaderTest" time="19.673" errors="0" timestamp="2023-02-13T22:58:29 IST" skipped="0">
  <testcase classname="swiss.atfinity.testcases.HeaderTest" name="TestSoftwareLink" time="19.673"/>
  <system-out/>
</testsuite> <!-- swiss.atfinity.testcases.HeaderTest -->
